<?xml version="1.0" encoding="UTF-8" ?>
<testsuite tests="18" failures="0" name="pb.locationintelligence.LIAPIGeoRiskServiceApiTest" time="0.015" errors="0" skipped="0">
  <properties>
    <property name="java.runtime.name" value="Java(TM) SE Runtime Environment"/>
    <property name="sun.boot.library.path" value="C:\Program Files\Java\jdk1.8.0_191\jre\bin"/>
    <property name="java.vm.version" value="25.191-b12"/>
    <property name="java.vm.vendor" value="Oracle Corporation"/>
    <property name="maven.multiModuleProjectDirectory" value="D:\LBS_GitHub\LocationIntelligenceSDK-Java"/>
    <property name="java.vendor.url" value="http://java.oracle.com/"/>
    <property name="path.separator" value=";"/>
    <property name="guice.disable.misplaced.annotation.check" value="true"/>
    <property name="java.vm.name" value="Java HotSpot(TM) 64-Bit Server VM"/>
    <property name="file.encoding.pkg" value="sun.io"/>
    <property name="user.script" value=""/>
    <property name="user.country" value="US"/>
    <property name="sun.java.launcher" value="SUN_STANDARD"/>
    <property name="sun.os.patch.level" value=""/>
    <property name="java.vm.specification.name" value="Java Virtual Machine Specification"/>
    <property name="user.dir" value="D:\LBS_GitHub\LocationIntelligenceSDK-Java"/>
    <property name="java.runtime.version" value="1.8.0_191-b12"/>
    <property name="java.awt.graphicsenv" value="sun.awt.Win32GraphicsEnvironment"/>
    <property name="java.endorsed.dirs" value="C:\Program Files\Java\jdk1.8.0_191\jre\lib\endorsed"/>
    <property name="os.arch" value="amd64"/>
    <property name="java.io.tmpdir" value="C:\Users\am005si\AppData\Local\Temp\1\"/>
    <property name="line.separator" value="
"/>
    <property name="java.vm.specification.vendor" value="Oracle Corporation"/>
    <property name="user.variant" value=""/>
    <property name="os.name" value="Windows 10"/>
    <property name="classworlds.conf" value="C:\Program Files\apache-maven-3.6.0\bin\..\bin\m2.conf"/>
    <property name="sun.jnu.encoding" value="Cp1252"/>
    <property name="java.library.path" value="C:\Program Files\Java\jdk1.8.0_191\bin;C:\WINDOWS\Sun\Java\bin;C:\WINDOWS\system32;C:\WINDOWS;C:\Program Files (x86)\CyberSafe\bin;C:\Program Files (x86)\Common Files\Oracle\Java\javapath;C:\WINDOWS\system32;C:\WINDOWS;C:\WINDOWS\System32\Wbem;C:\WINDOWS\System32\WindowsPowerShell\v1.0\;C:\Program Files (x86)\Sennheiser\SoftphoneSDK\;C:\Program Files\TortoiseGit\bin;C:\Program Files\Git\cmd;C:\Users\am005si\AppData\Roaming\Microsoft\Windows\Start Menu\Programs\Python 3.6;C:\Program Files\PuTTY\;C:\Program Files\Amazon\AWSCLI\bin\;C:\Program Files\TortoiseSVN\bin;C:\Program Files\Java\jdk1.8.0_191\bin;C:\Program Files\apache-maven-3.6.0\bin;C:\Program Files\nodejs\;C:\Users\am005si\AppData\Local\Microsoft\WindowsApps;C:\Users\am005si\AppData\Local\Programs\Fiddler;C:\Users\am005si\AppData\Roaming\npm;."/>
    <property name="maven.conf" value="C:\Program Files\apache-maven-3.6.0\bin\../conf"/>
    <property name="java.specification.name" value="Java Platform API Specification"/>
    <property name="java.class.version" value="52.0"/>
    <property name="sun.management.compiler" value="HotSpot 64-Bit Tiered Compilers"/>
    <property name="os.version" value="10.0"/>
    <property name="library.jansi.path" value="C:\Program Files\apache-maven-3.6.0\bin\..\lib\jansi-native"/>
    <property name="user.home" value="C:\Users\am005si"/>
    <property name="user.timezone" value="Asia/Calcutta"/>
    <property name="java.awt.printerjob" value="sun.awt.windows.WPrinterJob"/>
    <property name="java.specification.version" value="1.8"/>
    <property name="file.encoding" value="Cp1252"/>
    <property name="user.name" value="AM005SI"/>
    <property name="java.class.path" value="C:\Program Files\apache-maven-3.6.0\bin\..\boot\plexus-classworlds-2.5.2.jar"/>
    <property name="java.vm.specification.version" value="1.8"/>
    <property name="sun.arch.data.model" value="64"/>
    <property name="java.home" value="C:\Program Files\Java\jdk1.8.0_191\jre"/>
    <property name="sun.java.command" value="org.codehaus.plexus.classworlds.launcher.Launcher clean install"/>
    <property name="java.specification.vendor" value="Oracle Corporation"/>
    <property name="user.language" value="en"/>
    <property name="awt.toolkit" value="sun.awt.windows.WToolkit"/>
    <property name="java.vm.info" value="mixed mode"/>
    <property name="java.version" value="1.8.0_191"/>
    <property name="java.ext.dirs" value="C:\Program Files\Java\jdk1.8.0_191\jre\lib\ext;C:\WINDOWS\Sun\Java\lib\ext"/>
    <property name="sun.boot.class.path" value="C:\Program Files\Java\jdk1.8.0_191\jre\lib\resources.jar;C:\Program Files\Java\jdk1.8.0_191\jre\lib\rt.jar;C:\Program Files\Java\jdk1.8.0_191\jre\lib\sunrsasign.jar;C:\Program Files\Java\jdk1.8.0_191\jre\lib\jsse.jar;C:\Program Files\Java\jdk1.8.0_191\jre\lib\jce.jar;C:\Program Files\Java\jdk1.8.0_191\jre\lib\charsets.jar;C:\Program Files\Java\jdk1.8.0_191\jre\lib\jfr.jar;C:\Program Files\Java\jdk1.8.0_191\jre\classes"/>
    <property name="sun.stderr.encoding" value="cp437"/>
    <property name="java.vendor" value="Oracle Corporation"/>
    <property name="maven.home" value="C:\Program Files\apache-maven-3.6.0\bin\.."/>
    <property name="file.separator" value="\"/>
    <property name="java.vendor.url.bug" value="http://bugreport.sun.com/bugreport/"/>
    <property name="sun.cpu.endian" value="little"/>
    <property name="sun.io.unicode.encoding" value="UnicodeLittle"/>
    <property name="sun.stdout.encoding" value="cp437"/>
    <property name="sun.desktop" value="windows"/>
    <property name="sun.cpu.isalist" value="amd64"/>
  </properties>
  <testcase classname="pb.locationintelligence.LIAPIGeoRiskServiceApiTest" name="getFireRiskByAddressTest" time="0"/>
  <testcase classname="pb.locationintelligence.LIAPIGeoRiskServiceApiTest" name="getFireRiskByAddressBatchTest" time="0"/>
  <testcase classname="pb.locationintelligence.LIAPIGeoRiskServiceApiTest" name="getEarthquakeHistoryTest" time="0"/>
  <testcase classname="pb.locationintelligence.LIAPIGeoRiskServiceApiTest" name="getEarthquakeRiskByAddressTest" time="0"/>
  <testcase classname="pb.locationintelligence.LIAPIGeoRiskServiceApiTest" name="getFireRiskByLocationBatchTest" time="0"/>
  <testcase classname="pb.locationintelligence.LIAPIGeoRiskServiceApiTest" name="getDistanceToCoastByAddressTest" time="0"/>
  <testcase classname="pb.locationintelligence.LIAPIGeoRiskServiceApiTest" name="getFireStationByAddressTest" time="0"/>
  <testcase classname="pb.locationintelligence.LIAPIGeoRiskServiceApiTest" name="getEarthquakeRiskByLocationTest" time="0"/>
  <testcase classname="pb.locationintelligence.LIAPIGeoRiskServiceApiTest" name="getDistanceToCoastByLocationTest" time="0"/>
  <testcase classname="pb.locationintelligence.LIAPIGeoRiskServiceApiTest" name="getFloodRiskByAddressTest" time="0"/>
  <testcase classname="pb.locationintelligence.LIAPIGeoRiskServiceApiTest" name="getFireHistoryTest" time="0"/>
  <testcase classname="pb.locationintelligence.LIAPIGeoRiskServiceApiTest" name="getCrimeRiskByLocationTest" time="0"/>
  <testcase classname="pb.locationintelligence.LIAPIGeoRiskServiceApiTest" name="getFloodRiskByLocationTest" time="0"/>
  <testcase classname="pb.locationintelligence.LIAPIGeoRiskServiceApiTest" name="getFireRiskByLocationTest" time="0"/>
  <testcase classname="pb.locationintelligence.LIAPIGeoRiskServiceApiTest" name="getFloodRiskByLocationBatchTest" time="0"/>
  <testcase classname="pb.locationintelligence.LIAPIGeoRiskServiceApiTest" name="getFireStationByLocationTest" time="0"/>
  <testcase classname="pb.locationintelligence.LIAPIGeoRiskServiceApiTest" name="getCrimeRiskByAddressTest" time="0"/>
  <testcase classname="pb.locationintelligence.LIAPIGeoRiskServiceApiTest" name="getFloodRiskByAddressBatchTest" time="0"/>
</testsuite>